T21C4 1250:718.592   SEGGER J-Link V8.16 Log File
T21C4 1250:718.720   DLL Compiled: Feb 26 2025 12:07:26
T21C4 1250:718.720   Logging started @ 2025-10-28 06:50
T21C4 1250:718.720   Process: D:\LKS\LKS_SCOPE_v1.3.9.setup\lksscope\lksscope.exe
T21C4 1250:718.720 - 728.458ms 
T21C4 1250:718.720 JLINK_Open()
T21C4 1250:731.776   Firmware: J-Link ARM-OB STM32 compiled Aug 22 2012 19:52:04
T21C4 1250:732.416   Firmware: J-Link ARM-OB STM32 compiled Aug 22 2012 19:52:04
T21C4 1250:733.824   Hardware: V7.00
T21C4 1250:733.824   S/N: 20090928
T21C4 1250:733.824   OEM: SEGGER
T21C4 1250:733.824   Feature(s): JFlash, RDI, GDB, FlashDL, FlashBP
T21C4 1250:734.080   Bootloader: (FW returned invalid version)
T21C4 1250:734.592   TELNET listener socket opened on port 19021
T21C4 1250:734.720   WEBSRV WEBSRV_Init(): Starting webserver thread(s)
T21C4 1250:734.848   WEBSRV Webserver running on local port 19080
T21C4 1250:734.848   Looking for J-Link GUI Server exe at: D:\keil\ARM\Segger\JLinkGUIServer.exe
T21C4 1250:734.848   Looking for J-Link GUI Server exe at: C:\Program Files\SEGGER\JLink_V838\JLinkGUIServer.exe
T21C4 1250:734.976   Forking J-Link GUI Server: C:\Program Files\SEGGER\JLink_V838\JLinkGUIServer.exe
T21C4 1250:737.152   J-Link GUI Server info: "J-Link GUI server V8.38 "
T21C4 1250:737.408 - 18.650ms returns "O.K."
T21C4 1250:737.408 JLINK_GetDLLVersion()
T21C4 1250:737.408 - 0.009ms returns 81600
T21C4 1250:737.408 JLINK_GetHardwareVersion()
T21C4 1250:737.408 - 0.008ms returns 70000
T21C4 1250:737.536 JLINK_GetSN()
T21C4 1250:737.536 - 0.008ms returns 20090928
T21C4 1250:737.920 JLINK_ExecCommand("device = CORTEX-M0", ...). 
T21C4 1250:742.400   Device "CORTEX-M0" selected.
T21C4 1250:744.064 - 6.104ms returns 0x00
T21C4 1250:744.064 JLINK_TIF_Select(JLINKARM_TIF_SWD)
T21C4 1250:744.576 - 0.541ms returns 0x00
T21C4 1250:744.576 JLINK_SetSpeed(10000)
T21C4 1250:744.576 - 0.097ms 
T21C4 1250:744.704 JLINK_Connect()
T21C4 1250:745.472   Found SW-DP with ID 0x0BB11477
T21C4 1250:748.672   Old FW that does not support reading DPIDR via DAP jobs
T21C4 1250:752.000   DPv0 detected
T21C4 1250:752.000   CoreSight SoC-400 or earlier
T21C4 1250:752.000   Scanning AP map to find all available APs
T21C4 1250:754.048   AP[1]: Stopped AP scan as end of AP map has been reached
T21C4 1250:754.048   AP[0]: AHB-AP (IDR: 0x04770021, ADDR: 0x00000000)
T21C4 1250:754.048   Iterating through AP map to find AHB-AP to use
T21C4 1250:757.632   AP[0]: Core found
T21C4 1250:757.632   AP[0]: AHB-AP ROM base: 0xE00FF000
T21C4 1250:759.424   CPUID register: 0x410CC200. Implementer code: 0x41 (ARM)
T21C4 1250:759.424   Found Cortex-M0 r0p0, Little endian.
T21C4 1250:759.680   -- Max. mem block: 0x00002C18
T21C4 1250:760.064   CPU_ReadMem(4 bytes @ 0xE000EDF0)
T21C4 1250:760.576   CPU_WriteMem(4 bytes @ 0xE000EDF0)
T21C4 1250:760.960   CPU_ReadMem(4 bytes @ 0xE0002000)
T21C4 1250:761.472   FPUnit: 2 code (BP) slots and 0 literal slots
T21C4 1250:761.472   CPU_ReadMem(4 bytes @ 0xE000EDFC)
T21C4 1250:761.856   CPU_WriteMem(4 bytes @ 0xE000EDFC)
T21C4 1250:762.368   CPU_ReadMem(4 bytes @ 0xE0001000)
T21C4 1250:762.752   CPU_WriteMem(4 bytes @ 0xE0001000)
T21C4 1250:763.136   CoreSight components:
T21C4 1250:763.136   ROMTbl[0] @ E00FF000
T21C4 1250:763.136   CPU_ReadMem(64 bytes @ 0xE00FF000)
T21C4 1250:764.288   CPU_ReadMem(32 bytes @ 0xE000EFE0)
T21C4 1250:765.056   [0][0]: E000E000 CID B105E00D PID 000BB008 SCS
T21C4 1250:765.056   CPU_ReadMem(32 bytes @ 0xE0001FE0)
T21C4 1250:765.568   [0][1]: E0001000 CID B105E00D PID 000BB00A DWT
T21C4 1250:765.568   CPU_ReadMem(32 bytes @ 0xE0002FE0)
T21C4 1250:766.336   [0][2]: E0002000 CID B105E00D PID 000BB00B FPB
T21C4 1250:766.336 - 21.648ms returns 0x00
T21C4 1250:766.464 JLINK_ReadMem(0x20000140, 0x10 Bytes, ...)
T21C4 1250:766.464   CPU_ReadMem(16 bytes @ 0x20000140)
T21C4 1250:766.976   Data:  00 00 00 00 00 00 00 00 00 00 00 00 00 00 00 00
T21C4 1250:766.976 - 0.556ms returns 0
T21C4 1250:766.976 JLINK_ReadMem(0x20000000, 0x420 Bytes, ...)
T21C4 1250:767.104   CPU_ReadMem(1056 bytes @ 0x20000000)
T21C4 1250:778.496   Data:  01 00 30 00 00 00 00 00 00 00 00 00 00 00 00 00 ...
T21C4 1250:778.496 - 11.533ms returns 0
T21C4 1250:778.496 JLINK_ReadMem(0x20000400, 0x420 Bytes, ...)
T21C4 1250:778.496   CPU_ReadMem(1056 bytes @ 0x20000400)
T21C4 1250:789.888   Data:  00 00 00 00 00 00 00 00 00 00 00 00 00 00 00 00 ...
T21C4 1250:789.888 - 11.340ms returns 0
T21C4 1250:789.888 JLINK_ReadMem(0x20000800, 0x420 Bytes, ...)
T21C4 1250:789.888   CPU_ReadMem(1056 bytes @ 0x20000800)
T21C4 1250:801.408   Data:  00 00 00 00 00 00 00 00 00 00 00 00 00 00 00 00 ...
T21C4 1250:801.408 - 11.509ms returns 0
T21C4 1250:801.408 JLINK_ReadMem(0x20000C00, 0x420 Bytes, ...)
T21C4 1250:801.408   CPU_ReadMem(1056 bytes @ 0x20000C00)
T21C4 1250:813.056   Data:  00 00 00 00 00 00 00 00 00 00 00 00 00 00 00 00 ...
T21C4 1250:813.056 - 11.606ms returns 0
T21C4 1250:813.184 JLINK_ReadMem(0x20001000, 0x420 Bytes, ...)
T21C4 1250:813.184   CPU_ReadMem(1056 bytes @ 0x20001000)
T21C4 1250:824.832   Data:  00 00 00 00 00 00 00 00 00 00 00 00 00 00 00 00 ...
T21C4 1250:824.960 - 11.849ms returns 0
T21C4 1250:825.088 JLINK_ReadMem(0x20001400, 0x420 Bytes, ...)
T21C4 1250:825.088   CPU_ReadMem(1056 bytes @ 0x20001400)
T21C4 1250:837.376   Data:  00 00 00 00 00 00 00 00 00 00 00 00 00 00 00 00 ...
T21C4 1250:837.504 - 12.453ms returns 0
T21C4 1250:837.632 JLINK_ReadMem(0x20001800, 0x420 Bytes, ...)
T21C4 1250:837.632   CPU_ReadMem(1056 bytes @ 0x20001800)
T21C4 1250:849.024   Data:  00 00 00 00 00 00 00 00 00 00 00 00 00 00 00 00 ...
T21C4 1250:849.152 - 11.594ms returns 0
T21C4 1250:849.280 JLINK_ReadMem(0x20001C00, 0x420 Bytes, ...)
T21C4 1250:849.280   CPU_ReadMem(1056 bytes @ 0x20001C00)
T21C4 1250:860.928   Data:  00 00 00 00 00 00 00 00 00 00 00 00 00 00 00 00 ...
T21C4 1250:861.184 - 11.927ms returns 0
T21C4 1250:861.312 JLINK_ReadMem(0x20002000, 0x420 Bytes, ...)
T21C4 1250:861.440   CPU_ReadMem(1056 bytes @ 0x20002000)
T21C4 1250:873.216   Data:  00 00 00 00 00 00 00 00 00 00 00 00 00 00 00 00 ...
T21C4 1250:873.344 - 12.044ms returns 0
T21C4 1250:873.600 JLINK_ReadMem(0x20002400, 0x420 Bytes, ...)
T21C4 1250:873.600   CPU_ReadMem(1056 bytes @ 0x20002400)
T21C4 1250:885.248   Data:  00 00 00 00 00 00 00 00 00 00 00 00 00 00 00 00 ...
T21C4 1250:885.376 - 11.710ms returns 0
T21C4 1250:885.376 JLINK_ReadMem(0x20002800, 0x420 Bytes, ...)
T21C4 1250:885.376   CPU_ReadMem(1056 bytes @ 0x20002800)
T21C4 1250:897.152   Data:  81 82 BA 2D 8B 5B 08 90 B0 00 01 03 49 23 65 23 ...
T21C4 1250:897.408 - 12.039ms returns 0
T21C4 1250:897.536 JLINK_ReadMem(0x20002C00, 0x420 Bytes, ...)
T21C4 1250:897.664   CPU_ReadMem(1056 bytes @ 0x20002C00)
T21C4 1250:909.312   Data:  D1 74 19 01 0D 48 B0 8C 1E 09 1C C4 E0 70 2B 2E ...
T21C4 1250:909.440 - 11.824ms returns 0
T21C4 1250:909.440 JLINK_ReadMem(0x20003000, 0x420 Bytes, ...)
T21C4 1250:909.440   CPU_ReadMem(1056 bytes @ 0x20003000)
T21C4 1250:921.088   Data:  30 50 A0 4E 31 50 A1 4E 31 10 A1 4E 31 10 A0 4E ...
T21C4 1250:921.216 - 11.806ms returns 0
T21C4 1250:921.600 JLINK_ReadMem(0x20003400, 0x420 Bytes, ...)
T21C4 1250:921.728   CPU_ReadMem(1056 bytes @ 0x20003400)
T21C4 1250:933.248   Data:  31 30 A0 4E 31 10 A0 4E 31 50 A0 4E 31 50 A0 4E ...
T21C4 1250:933.376 - 11.774ms returns 0
T21C4 1250:933.504 JLINK_ReadMem(0x20003800, 0x420 Bytes, ...)
T21C4 1250:933.504   CPU_ReadMem(1056 bytes @ 0x20003800)
T21C4 1250:945.152   Data:  30 10 A1 4E 31 50 A0 4E 31 10 A0 4E 31 50 A0 4E ...
T21C4 1250:945.280 - 11.842ms returns 0
T21C4 1250:945.280 JLINK_ReadMem(0x20003C00, 0x420 Bytes, ...)
T21C4 1250:945.408   CPU_ReadMem(1056 bytes @ 0x20003C00)
T21C4 1250:957.184   Data:  31 10 A0 4E 30 10 A1 4E 31 10 A1 4E 31 50 A0 4E ...
T21C4 1250:957.568 - 12.150ms returns 0
T21C4 1250:958.208 JLINK_ReadMem(0x20004000, 0x420 Bytes, ...)
T21C4 1250:958.464   CPU_ReadMem(1056 bytes @ 0x20004000)
T21C4 1250:970.240   Data:  01 00 30 00 00 00 00 00 00 00 00 00 00 00 00 00 ...
T21C4 1250:970.368 - 12.165ms returns 0
T21C4 1250:970.496 JLINK_ReadMem(0x20004400, 0x420 Bytes, ...)
T21C4 1250:970.496   CPU_ReadMem(1056 bytes @ 0x20004400)
T21C4 1250:982.144   Data:  00 00 00 00 00 00 00 00 00 00 00 00 00 00 00 00 ...
T21C4 1250:982.144 - 11.679ms returns 0
T21C4 1250:982.144 JLINK_ReadMem(0x20004800, 0x420 Bytes, ...)
T21C4 1250:982.144   CPU_ReadMem(1056 bytes @ 0x20004800)
T21C4 1250:993.536   Data:  00 00 00 00 00 00 00 00 00 00 00 00 00 00 00 00 ...
T21C4 1250:993.664 - 11.497ms returns 0
T21C4 1250:993.664 JLINK_ReadMem(0x20004C00, 0x420 Bytes, ...)
T21C4 1250:993.664   CPU_ReadMem(1056 bytes @ 0x20004C00)
T21C4 1251:005.056   Data:  00 00 00 00 00 00 00 00 00 00 00 00 00 00 00 00 ...
T21C4 1251:005.184 - 11.404ms returns 0
T21C4 1251:005.184 JLINK_ReadMem(0x20005000, 0x420 Bytes, ...)
T21C4 1251:005.184   CPU_ReadMem(1056 bytes @ 0x20005000)
T21C4 1251:016.576   Data:  00 00 00 00 00 00 00 00 00 00 00 00 00 00 00 00 ...
T21C4 1251:016.704 - 11.541ms returns 0
T21C4 1251:016.704 JLINK_ReadMem(0x20005400, 0x420 Bytes, ...)
T21C4 1251:016.704   CPU_ReadMem(1056 bytes @ 0x20005400)
T21C4 1251:028.096   Data:  00 00 00 00 00 00 00 00 00 00 00 00 00 00 00 00 ...
T21C4 1251:028.224 - 11.473ms returns 0
T21C4 1251:028.224 JLINK_ReadMem(0x20005800, 0x420 Bytes, ...)
T21C4 1251:028.224   CPU_ReadMem(1056 bytes @ 0x20005800)
T21C4 1251:039.616   Data:  00 00 00 00 00 00 00 00 00 00 00 00 00 00 00 00 ...
T21C4 1251:039.744 - 11.550ms returns 0
T21C4 1251:039.744 JLINK_ReadMem(0x20005C00, 0x420 Bytes, ...)
T21C4 1251:039.872   CPU_ReadMem(1056 bytes @ 0x20005C00)
T21C4 1251:051.264   Data:  00 00 00 00 00 00 00 00 00 00 00 00 00 00 00 00 ...
T21C4 1251:051.264 - 11.544ms returns 0
T21C4 1251:051.264 JLINK_ReadMem(0x20006000, 0x420 Bytes, ...)
T21C4 1251:051.392   CPU_ReadMem(1056 bytes @ 0x20006000)
T21C4 1251:063.040   Data:  00 00 00 00 00 00 00 00 00 00 00 00 00 00 00 00 ...
T21C4 1251:063.040 - 11.719ms returns 0
T21C4 1251:063.296 JLINK_ReadMem(0x20006400, 0x420 Bytes, ...)
T21C4 1251:063.296   CPU_ReadMem(1056 bytes @ 0x20006400)
T21C4 1251:074.816   Data:  00 00 00 00 00 00 00 00 00 00 00 00 00 00 00 00 ...
T21C4 1251:074.816 - 11.548ms returns 0
T21C4 1251:074.816 JLINK_ReadMem(0x20006800, 0x420 Bytes, ...)
T21C4 1251:074.816   CPU_ReadMem(1056 bytes @ 0x20006800)
T21C4 1251:086.336   Data:  81 82 BA 2D 8B 5B 08 90 B0 00 01 03 49 23 65 23 ...
T21C4 1251:086.464 - 11.554ms returns 0
T21C4 1251:086.464 JLINK_ReadMem(0x20006C00, 0x420 Bytes, ...)
T21C4 1251:086.464   CPU_ReadMem(1056 bytes @ 0x20006C00)
T21C4 1251:097.856   Data:  D1 74 19 01 0D 48 B0 8C 1E 09 1C C4 E0 70 2B 2E ...
T21C4 1251:097.984 - 11.566ms returns 0
T21C4 1251:098.112 JLINK_ReadMem(0x20007000, 0x420 Bytes, ...)
T21C4 1251:098.112   CPU_ReadMem(1056 bytes @ 0x20007000)
T21C4 1251:109.632   Data:  31 10 A0 4E 31 10 A0 4E 31 10 A0 4E 30 10 A0 4E ...
T21C4 1251:109.632 - 11.589ms returns 0
T21C4 1251:109.632 JLINK_ReadMem(0x20007400, 0x420 Bytes, ...)
T21C4 1251:109.760   CPU_ReadMem(1056 bytes @ 0x20007400)
T21C4 1251:121.280   Data:  31 30 A1 4E 31 50 A1 4E 31 50 A1 46 31 50 A1 4E ...
T21C4 1251:121.408 - 11.663ms returns 0
T21C4 1251:121.408 JLINK_ReadMem(0x20007800, 0x420 Bytes, ...)
T21C4 1251:121.536   CPU_ReadMem(1056 bytes @ 0x20007800)
T21C4 1251:133.184   Data:  31 10 A0 4E 31 50 A1 4E 31 50 A1 4E 31 10 A1 4E ...
T21C4 1251:133.184 - 11.746ms returns 0
T21C4 1251:133.312 JLINK_ReadMem(0x20007C00, 0x420 Bytes, ...)
T21C4 1251:133.440   CPU_ReadMem(1056 bytes @ 0x20007C00)
T21C4 1251:145.216   Data:  31 10 A1 4E 31 70 A0 4E 31 50 A1 4E 31 10 A1 4E ...
T21C4 1251:145.344 - 11.995ms returns 0
T21C4 1251:145.472 JLINK_ReadMem(0x20008000, 0x420 Bytes, ...)
T21C4 1251:145.472   CPU_ReadMem(1056 bytes @ 0x20008000)
T21C4 1251:157.760   Data:  01 00 30 00 00 00 00 00 00 00 00 00 00 00 00 00 ...
T21C4 1251:157.760 - 12.382ms returns 0
T21C4 1251:158.016 JLINK_ReadMem(0x20008400, 0x420 Bytes, ...)
T21C4 1251:158.144   CPU_ReadMem(1056 bytes @ 0x20008400)
T21C4 1251:169.792   Data:  00 00 00 00 00 00 00 00 00 00 00 00 00 00 00 00 ...
T21C4 1251:169.920 - 11.961ms returns 0
T21C4 1251:170.048 JLINK_ReadMem(0x20008800, 0x420 Bytes, ...)
T21C4 1251:170.048   CPU_ReadMem(1056 bytes @ 0x20008800)
T21C4 1251:181.696   Data:  00 00 00 00 00 00 00 00 00 00 00 00 00 00 00 00 ...
T21C4 1251:181.696 - 11.723ms returns 0
T21C4 1251:181.824 JLINK_ReadMem(0x20008C00, 0x420 Bytes, ...)
T21C4 1251:181.824   CPU_ReadMem(1056 bytes @ 0x20008C00)
T21C4 1251:193.344   Data:  00 00 00 00 00 00 00 00 00 00 00 00 00 00 00 00 ...
T21C4 1251:193.472 - 11.686ms returns 0
T21C4 1251:193.600 JLINK_ReadMem(0x20009000, 0x420 Bytes, ...)
T21C4 1251:193.600   CPU_ReadMem(1056 bytes @ 0x20009000)
T21C4 1251:205.376   Data:  00 00 00 00 00 00 00 00 00 00 00 00 00 00 00 00 ...
T21C4 1251:205.504 - 12.010ms returns 0
T21C4 1251:205.632 JLINK_ReadMem(0x20009400, 0x420 Bytes, ...)
T21C4 1251:205.760   CPU_ReadMem(1056 bytes @ 0x20009400)
T21C4 1251:217.408   Data:  00 00 00 00 00 00 00 00 00 00 00 00 00 00 00 00 ...
T21C4 1251:217.536 - 11.861ms returns 0
T21C4 1251:217.664 JLINK_ReadMem(0x20009800, 0x420 Bytes, ...)
T21C4 1251:217.664   CPU_ReadMem(1056 bytes @ 0x20009800)
T21C4 1251:229.568   Data:  00 00 00 00 00 00 00 00 00 00 00 00 00 00 00 00 ...
T21C4 1251:229.696 - 12.061ms returns 0
T21C4 1251:229.824 JLINK_ReadMem(0x20009C00, 0x420 Bytes, ...)
T21C4 1251:229.824   CPU_ReadMem(1056 bytes @ 0x20009C00)
T21C4 1251:241.216   Data:  00 00 00 00 00 00 00 00 00 00 00 00 00 00 00 00 ...
T21C4 1251:241.216 - 11.540ms returns 0
T21C4 1251:246.976 JLINK_RTTERMINAL_Control(Cmd = JLINKARM_RTTERMINAL_CMD_START, CtrlBlockAddr = 0x20000124)
T21C4 1251:246.976 - 0.033ms returns 0x00
T3D74 1251:266.304   CPU_ReadMem(24 bytes @ 0x20000124)
T3D74 1251:276.544   CPU_ReadMem(24 bytes @ 0x20000124)
T3D74 1251:287.552   CPU_ReadMem(24 bytes @ 0x20000124)
T3D74 1251:299.072   CPU_ReadMem(24 bytes @ 0x20000124)
T3D74 1251:309.312   CPU_ReadMem(24 bytes @ 0x20000124)
T3D74 1251:319.424   CPU_ReadMem(24 bytes @ 0x20000124)
T3D74 1251:330.304   CPU_ReadMem(24 bytes @ 0x20000124)
T3D74 1251:341.056   CPU_ReadMem(24 bytes @ 0x20000124)
T3D74 1251:351.168   CPU_ReadMem(24 bytes @ 0x20000124)
T3D74 1251:362.560   CPU_ReadMem(24 bytes @ 0x20000124)
T3D74 1251:373.056   CPU_ReadMem(24 bytes @ 0x20000124)
T3D74 1251:384.960   CPU_ReadMem(24 bytes @ 0x20000124)
T3D74 1251:396.608   CPU_ReadMem(24 bytes @ 0x20000124)
T3D74 1251:407.104   CPU_ReadMem(24 bytes @ 0x20000124)
T3D74 1251:418.112   CPU_ReadMem(24 bytes @ 0x20000124)
T3D74 1251:428.096   CPU_ReadMem(24 bytes @ 0x20000124)
T3D74 1251:438.976   CPU_ReadMem(24 bytes @ 0x20000124)
T3D74 1251:449.472   CPU_ReadMem(24 bytes @ 0x20000124)
T3D74 1251:459.456   CPU_ReadMem(24 bytes @ 0x20000124)
T3D74 1251:469.440   CPU_ReadMem(24 bytes @ 0x20000124)
T3D74 1251:480.320   CPU_ReadMem(24 bytes @ 0x20000124)
T3D74 1251:490.304   CPU_ReadMem(24 bytes @ 0x20000124)
T3D74 1251:500.800   CPU_ReadMem(24 bytes @ 0x20000124)
T3D74 1251:512.576   CPU_ReadMem(24 bytes @ 0x20000124)
T3D74 1251:524.352   CPU_ReadMem(24 bytes @ 0x20000124)
T3D74 1251:534.464   CPU_ReadMem(24 bytes @ 0x20000124)
T3D74 1251:545.984   CPU_ReadMem(24 bytes @ 0x20000124)
T3D74 1251:556.608   CPU_ReadMem(24 bytes @ 0x20000124)
T3D74 1251:568.384   CPU_ReadMem(24 bytes @ 0x20000124)
T3D74 1251:578.624   CPU_ReadMem(24 bytes @ 0x20000124)
T3D74 1251:588.608   CPU_ReadMem(24 bytes @ 0x20000124)
T3D74 1251:599.616   CPU_ReadMem(24 bytes @ 0x20000124)
T3D74 1251:609.984   CPU_ReadMem(24 bytes @ 0x20000124)
T3D74 1251:620.096   CPU_ReadMem(24 bytes @ 0x20000124)
T3D74 1251:630.976   CPU_ReadMem(24 bytes @ 0x20000124)
T3D74 1251:641.984   CPU_ReadMem(24 bytes @ 0x20000124)
T3D74 1251:652.608   CPU_ReadMem(24 bytes @ 0x20000124)
T3D74 1251:662.592   CPU_ReadMem(24 bytes @ 0x20000124)
T3D74 1251:673.472   CPU_ReadMem(24 bytes @ 0x20000124)
T3D74 1251:683.584   CPU_ReadMem(24 bytes @ 0x20000124)
T3D74 1251:693.824   CPU_ReadMem(24 bytes @ 0x20000124)
T3D74 1251:705.728   CPU_ReadMem(24 bytes @ 0x20000124)
T3D74 1251:716.864   CPU_ReadMem(24 bytes @ 0x20000124)
T3D74 1251:727.616   CPU_ReadMem(24 bytes @ 0x20000124)
T3D74 1251:738.624   CPU_ReadMem(24 bytes @ 0x20000124)
T3D74 1251:750.656   CPU_ReadMem(24 bytes @ 0x20000124)
T3D74 1251:760.640   CPU_ReadMem(24 bytes @ 0x20000124)
T3D74 1251:770.880   CPU_ReadMem(24 bytes @ 0x20000124)
T3D74 1251:782.656   CPU_ReadMem(24 bytes @ 0x20000124)
T3D74 1251:792.640   CPU_ReadMem(24 bytes @ 0x20000124)
T3D74 1251:802.880   CPU_ReadMem(24 bytes @ 0x20000124)
T3D74 1251:814.784   CPU_ReadMem(24 bytes @ 0x20000124)
T3D74 1251:826.688   CPU_ReadMem(24 bytes @ 0x20000124)
T3D74 1251:838.720   CPU_ReadMem(24 bytes @ 0x20000124)
T3D74 1251:849.600   CPU_ReadMem(24 bytes @ 0x20000124)
T3D74 1251:860.864   CPU_ReadMem(24 bytes @ 0x20000124)
T3D74 1251:872.512   CPU_ReadMem(24 bytes @ 0x20000124)
T3D74 1251:882.624   CPU_ReadMem(24 bytes @ 0x20000124)
T3D74 1251:892.992   CPU_ReadMem(24 bytes @ 0x20000124)
T3D74 1251:904.128   CPU_ReadMem(24 bytes @ 0x20000124)
T3D74 1251:915.648   CPU_ReadMem(24 bytes @ 0x20000124)
T3D74 1251:926.784   CPU_ReadMem(24 bytes @ 0x20000124)
T3D74 1251:937.792   CPU_ReadMem(24 bytes @ 0x20000124)
T3D74 1251:948.288   CPU_ReadMem(24 bytes @ 0x20000124)
T3D74 1251:958.784   CPU_ReadMem(24 bytes @ 0x20000124)
T3D74 1251:970.048   CPU_ReadMem(24 bytes @ 0x20000124)
T3D74 1251:980.800   CPU_ReadMem(24 bytes @ 0x20000124)
T3D74 1251:990.784   CPU_ReadMem(24 bytes @ 0x20000124)
T3D74 1252:001.024   CPU_ReadMem(24 bytes @ 0x20000124)
T3D74 1252:011.264   CPU_ReadMem(24 bytes @ 0x20000124)
T3D74 1252:022.016   CPU_ReadMem(24 bytes @ 0x20000124)
T3D74 1252:032.256   CPU_ReadMem(24 bytes @ 0x20000124)
T3D74 1252:042.368   CPU_ReadMem(24 bytes @ 0x20000124)
T3D74 1252:052.480   CPU_ReadMem(24 bytes @ 0x20000124)
T3D74 1252:062.464   CPU_ReadMem(24 bytes @ 0x20000124)
T3D74 1252:073.472   CPU_ReadMem(24 bytes @ 0x20000124)
T3D74 1252:083.968   CPU_ReadMem(24 bytes @ 0x20000124)
T3D74 1252:094.208   CPU_ReadMem(24 bytes @ 0x20000124)
T3D74 1252:104.448   CPU_ReadMem(24 bytes @ 0x20000124)
T3D74 1252:114.432   CPU_ReadMem(24 bytes @ 0x20000124)
T3D74 1252:124.416   CPU_ReadMem(24 bytes @ 0x20000124)
T3D74 1252:134.528   CPU_ReadMem(24 bytes @ 0x20000124)
T3D74 1252:144.640   CPU_ReadMem(24 bytes @ 0x20000124)
T3D74 1252:154.624   CPU_ReadMem(24 bytes @ 0x20000124)
T3D74 1252:166.528   CPU_ReadMem(24 bytes @ 0x20000124)
T3D74 1252:176.640   CPU_ReadMem(24 bytes @ 0x20000124)
T3D74 1252:186.880   CPU_ReadMem(24 bytes @ 0x20000124)
T3D74 1252:197.632   CPU_ReadMem(24 bytes @ 0x20000124)
T3D74 1252:209.664   CPU_ReadMem(24 bytes @ 0x20000124)
T3D74 1252:221.568   CPU_ReadMem(24 bytes @ 0x20000124)
T3D74 1252:231.680   CPU_ReadMem(24 bytes @ 0x20000124)
T3D74 1252:243.456   CPU_ReadMem(24 bytes @ 0x20000124)
T3D74 1252:254.464   CPU_ReadMem(24 bytes @ 0x20000124)
T3D74 1252:264.576   CPU_ReadMem(24 bytes @ 0x20000124)
T3D74 1252:275.712   CPU_ReadMem(24 bytes @ 0x20000124)
T3D74 1252:287.488   CPU_ReadMem(24 bytes @ 0x20000124)
T3D74 1252:297.600   CPU_ReadMem(24 bytes @ 0x20000124)
T3D74 1252:308.480   CPU_ReadMem(24 bytes @ 0x20000124)
T3D74 1252:318.464   CPU_ReadMem(24 bytes @ 0x20000124)
T3D74 1252:329.472   CPU_ReadMem(24 bytes @ 0x20000124)
T3D74 1252:339.456   CPU_ReadMem(24 bytes @ 0x20000124)
T3D74 1252:350.464   CPU_ReadMem(24 bytes @ 0x20000124)
T3D74 1252:361.728   CPU_ReadMem(24 bytes @ 0x20000124)
T3D74 1252:373.248   CPU_ReadMem(24 bytes @ 0x20000124)
T3D74 1252:384.640   CPU_ReadMem(24 bytes @ 0x20000124)
T3D74 1252:395.776   CPU_ReadMem(24 bytes @ 0x20000124)
T3D74 1252:406.528   CPU_ReadMem(24 bytes @ 0x20000124)
T3D74 1252:416.640   CPU_ReadMem(24 bytes @ 0x20000124)
T3D74 1252:426.752   CPU_ReadMem(24 bytes @ 0x20000124)
T3D74 1252:437.760   CPU_ReadMem(24 bytes @ 0x20000124)
T3D74 1252:449.792   CPU_ReadMem(24 bytes @ 0x20000124)
T3D74 1252:459.776   CPU_ReadMem(24 bytes @ 0x20000124)
T3D74 1252:470.784   CPU_ReadMem(24 bytes @ 0x20000124)
T3D74 1252:481.152   CPU_ReadMem(24 bytes @ 0x20000124)
T3D74 1252:491.264   CPU_ReadMem(24 bytes @ 0x20000124)
T3D74 1252:502.272   CPU_ReadMem(24 bytes @ 0x20000124)
T3D74 1252:512.896   CPU_ReadMem(24 bytes @ 0x20000124)
T3D74 1252:524.288   CPU_ReadMem(24 bytes @ 0x20000124)
T3D74 1252:534.400   CPU_ReadMem(24 bytes @ 0x20000124)
T3D74 1252:544.384   CPU_ReadMem(24 bytes @ 0x20000124)
T3D74 1252:555.520   CPU_ReadMem(24 bytes @ 0x20000124)
T3D74 1252:567.552   CPU_ReadMem(24 bytes @ 0x20000124)
T3D74 1252:579.456   CPU_ReadMem(24 bytes @ 0x20000124)
T3D74 1252:590.336   CPU_ReadMem(24 bytes @ 0x20000124)
T3D74 1252:600.576   CPU_ReadMem(24 bytes @ 0x20000124)
T3D74 1252:610.560   CPU_ReadMem(24 bytes @ 0x20000124)
T3D74 1252:622.208   CPU_ReadMem(24 bytes @ 0x20000124)
T3D74 1252:633.728   CPU_ReadMem(24 bytes @ 0x20000124)
T3D74 1252:643.968   CPU_ReadMem(24 bytes @ 0x20000124)
T3D74 1252:655.872   CPU_ReadMem(24 bytes @ 0x20000124)
T3D74 1252:666.496   CPU_ReadMem(24 bytes @ 0x20000124)
T3D74 1252:676.864   CPU_ReadMem(24 bytes @ 0x20000124)
T3D74 1252:687.872   CPU_ReadMem(24 bytes @ 0x20000124)
T3D74 1252:699.904   CPU_ReadMem(24 bytes @ 0x20000124)
T3D74 1252:711.040   CPU_ReadMem(24 bytes @ 0x20000124)
T3D74 1252:722.944   CPU_ReadMem(24 bytes @ 0x20000124)
T3D74 1252:734.336   CPU_ReadMem(24 bytes @ 0x20000124)
T3D74 1252:744.448   CPU_ReadMem(24 bytes @ 0x20000124)
T3D74 1252:754.560   CPU_ReadMem(24 bytes @ 0x20000124)
T3D74 1252:766.464   CPU_ReadMem(24 bytes @ 0x20000124)
T3D74 1252:777.472   CPU_ReadMem(24 bytes @ 0x20000124)
T3D74 1252:788.992   CPU_ReadMem(24 bytes @ 0x20000124)
T3D74 1252:801.024   CPU_ReadMem(24 bytes @ 0x20000124)
T3D74 1252:812.160   CPU_ReadMem(24 bytes @ 0x20000124)
T3D74 1252:823.936   CPU_ReadMem(24 bytes @ 0x20000124)
T3D74 1252:835.840   CPU_ReadMem(24 bytes @ 0x20000124)
T3D74 1252:846.720   CPU_ReadMem(24 bytes @ 0x20000124)
T3D74 1252:857.216   CPU_ReadMem(24 bytes @ 0x20000124)
T3D74 1252:868.736   CPU_ReadMem(24 bytes @ 0x20000124)
T3D74 1252:880.640   CPU_ReadMem(24 bytes @ 0x20000124)
T3D74 1252:892.160   CPU_ReadMem(24 bytes @ 0x20000124)
T3D74 1252:903.168   CPU_ReadMem(24 bytes @ 0x20000124)
T3D74 1252:913.408   CPU_ReadMem(24 bytes @ 0x20000124)
T3D74 1252:923.648   CPU_ReadMem(24 bytes @ 0x20000124)
T3D74 1252:934.528   CPU_ReadMem(24 bytes @ 0x20000124)
T3D74 1252:945.664   CPU_ReadMem(24 bytes @ 0x20000124)
T3D74 1252:957.696   CPU_ReadMem(24 bytes @ 0x20000124)
T3D74 1252:968.704   CPU_ReadMem(24 bytes @ 0x20000124)
T3D74 1252:978.688   CPU_ReadMem(24 bytes @ 0x20000124)
T3D74 1252:989.696   CPU_ReadMem(24 bytes @ 0x20000124)
T3D74 1253:000.832   CPU_ReadMem(24 bytes @ 0x20000124)
T3D74 1253:011.840   CPU_ReadMem(24 bytes @ 0x20000124)
T3D74 1253:022.976   CPU_ReadMem(24 bytes @ 0x20000124)
T3D74 1253:033.216   CPU_ReadMem(24 bytes @ 0x20000124)
T3D74 1253:043.072   CPU_ReadMem(24 bytes @ 0x20000124)
T3D74 1253:053.696   CPU_ReadMem(24 bytes @ 0x20000124)
T3D74 1253:065.216   CPU_ReadMem(24 bytes @ 0x20000124)
T3D74 1253:075.456   CPU_ReadMem(24 bytes @ 0x20000124)
T3D74 1253:086.208   CPU_ReadMem(24 bytes @ 0x20000124)
T3D74 1253:097.216   CPU_ReadMem(24 bytes @ 0x20000124)
T3D74 1253:108.224   CPU_ReadMem(24 bytes @ 0x20000124)
T3D74 1253:119.744   CPU_ReadMem(24 bytes @ 0x20000124)
T3D74 1253:131.904   CPU_ReadMem(24 bytes @ 0x20000124)
T3D74 1253:142.656   CPU_ReadMem(24 bytes @ 0x20000124)
T3D74 1253:154.560   CPU_ReadMem(24 bytes @ 0x20000124)
T3D74 1253:166.848   CPU_ReadMem(24 bytes @ 0x20000124)
T3D74 1253:177.344   CPU_ReadMem(24 bytes @ 0x20000124)
T3D74 1253:187.584   CPU_ReadMem(24 bytes @ 0x20000124)
T3D74 1253:198.592   CPU_ReadMem(24 bytes @ 0x20000124)
T3D74 1253:209.984   CPU_ReadMem(24 bytes @ 0x20000124)
T3D74 1253:222.528   CPU_ReadMem(24 bytes @ 0x20000124)
T3D74 1253:232.640   CPU_ReadMem(24 bytes @ 0x20000124)
T3D74 1253:243.520   CPU_ReadMem(24 bytes @ 0x20000124)
T3D74 1253:253.632   CPU_ReadMem(24 bytes @ 0x20000124)
T3D74 1253:263.744   CPU_ReadMem(24 bytes @ 0x20000124)
T3D74 1253:275.520   CPU_ReadMem(24 bytes @ 0x20000124)
T3D74 1253:286.656   CPU_ReadMem(24 bytes @ 0x20000124)
T3D74 1253:296.512   CPU_ReadMem(24 bytes @ 0x20000124)
T3D74 1253:307.520   CPU_ReadMem(24 bytes @ 0x20000124)
T3D74 1253:318.528   CPU_ReadMem(24 bytes @ 0x20000124)
T3D74 1253:329.664   CPU_ReadMem(24 bytes @ 0x20000124)
T3D74 1253:340.544   CPU_ReadMem(24 bytes @ 0x20000124)
T3D74 1253:350.656   CPU_ReadMem(24 bytes @ 0x20000124)
T3D74 1253:361.536   CPU_ReadMem(24 bytes @ 0x20000124)
T3D74 1253:371.648   CPU_ReadMem(24 bytes @ 0x20000124)
T3D74 1253:381.760   CPU_ReadMem(24 bytes @ 0x20000124)
T3D74 1253:392.768   CPU_ReadMem(24 bytes @ 0x20000124)
T3D74 1253:403.904   CPU_ReadMem(24 bytes @ 0x20000124)
T3D74 1253:415.040   CPU_ReadMem(24 bytes @ 0x20000124)
T3D74 1253:425.920   CPU_ReadMem(24 bytes @ 0x20000124)
T3D74 1253:436.928   CPU_ReadMem(24 bytes @ 0x20000124)
T3D74 1253:447.936   CPU_ReadMem(24 bytes @ 0x20000124)
T3D74 1253:459.200   CPU_ReadMem(24 bytes @ 0x20000124)
T3D74 1253:469.952   CPU_ReadMem(24 bytes @ 0x20000124)
T3D74 1253:481.088   CPU_ReadMem(24 bytes @ 0x20000124)
T3D74 1253:492.480   CPU_ReadMem(24 bytes @ 0x20000124)
T3D74 1253:504.128   CPU_ReadMem(24 bytes @ 0x20000124)
T3D74 1253:514.112   CPU_ReadMem(24 bytes @ 0x20000124)
T3D74 1253:524.224   CPU_ReadMem(24 bytes @ 0x20000124)
T3D74 1253:535.488   CPU_ReadMem(24 bytes @ 0x20000124)
T3D74 1253:546.240   CPU_ReadMem(24 bytes @ 0x20000124)
T3D74 1253:558.016   CPU_ReadMem(24 bytes @ 0x20000124)
T3D74 1253:569.280   CPU_ReadMem(24 bytes @ 0x20000124)
T3D74 1253:580.416   CPU_ReadMem(24 bytes @ 0x20000124)
T3D74 1253:592.192   CPU_ReadMem(24 bytes @ 0x20000124)
T3D74 1253:603.072   CPU_ReadMem(24 bytes @ 0x20000124)
T3D74 1253:613.184   CPU_ReadMem(24 bytes @ 0x20000124)
T3D74 1253:623.168   CPU_ReadMem(24 bytes @ 0x20000124)
T3D74 1253:633.408   CPU_ReadMem(24 bytes @ 0x20000124)
T3D74 1253:644.544   CPU_ReadMem(24 bytes @ 0x20000124)
T3D74 1253:654.400   CPU_ReadMem(24 bytes @ 0x20000124)
T3D74 1253:664.640   CPU_ReadMem(24 bytes @ 0x20000124)
T3D74 1253:674.880   CPU_ReadMem(24 bytes @ 0x20000124)
T3D74 1253:686.528   CPU_ReadMem(24 bytes @ 0x20000124)
T3D74 1253:696.640   CPU_ReadMem(24 bytes @ 0x20000124)
T3D74 1253:707.520   CPU_ReadMem(24 bytes @ 0x20000124)
T3D74 1253:717.632   CPU_ReadMem(24 bytes @ 0x20000124)
T3D74 1253:728.640   CPU_ReadMem(24 bytes @ 0x20000124)
T3D74 1253:740.800   CPU_ReadMem(24 bytes @ 0x20000124)
T3D74 1253:751.808   CPU_ReadMem(24 bytes @ 0x20000124)
T3D74 1253:762.816   CPU_ReadMem(24 bytes @ 0x20000124)
T3D74 1253:774.848   CPU_ReadMem(24 bytes @ 0x20000124)
T3D74 1253:785.856   CPU_ReadMem(24 bytes @ 0x20000124)
T3D74 1253:797.120   CPU_ReadMem(24 bytes @ 0x20000124)
T3D74 1253:808.256   CPU_ReadMem(24 bytes @ 0x20000124)
T3D74 1253:818.368   CPU_ReadMem(24 bytes @ 0x20000124)
T3D74 1253:830.656   CPU_ReadMem(24 bytes @ 0x20000124)
T3D74 1253:841.408   CPU_ReadMem(24 bytes @ 0x20000124)
T3D74 1253:852.416   CPU_ReadMem(24 bytes @ 0x20000124)
T3D74 1253:863.680   CPU_ReadMem(24 bytes @ 0x20000124)
T3D74 1253:875.456   CPU_ReadMem(24 bytes @ 0x20000124)
T3D74 1253:886.720   CPU_ReadMem(24 bytes @ 0x20000124)
T3D74 1253:897.728   CPU_ReadMem(24 bytes @ 0x20000124)
T3D74 1253:908.864   CPU_ReadMem(24 bytes @ 0x20000124)
T3D74 1253:919.616   CPU_ReadMem(24 bytes @ 0x20000124)
T3D74 1253:929.728   CPU_ReadMem(24 bytes @ 0x20000124)
T3D74 1253:940.992   CPU_ReadMem(24 bytes @ 0x20000124)
T3D74 1253:953.536   CPU_ReadMem(24 bytes @ 0x20000124)
T3D74 1253:964.544   CPU_ReadMem(24 bytes @ 0x20000124)
T3D74 1253:975.680   CPU_ReadMem(24 bytes @ 0x20000124)
T3D74 1253:987.456   CPU_ReadMem(24 bytes @ 0x20000124)
T3D74 1253:997.440   CPU_ReadMem(24 bytes @ 0x20000124)
T3D74 1254:008.448   CPU_ReadMem(24 bytes @ 0x20000124)
T3D74 1254:018.432   CPU_ReadMem(24 bytes @ 0x20000124)
T3D74 1254:029.440   CPU_ReadMem(24 bytes @ 0x20000124)
T3D74 1254:039.424   CPU_ReadMem(24 bytes @ 0x20000124)
T3D74 1254:050.432   CPU_ReadMem(24 bytes @ 0x20000124)
T3D74 1254:060.416   CPU_ReadMem(24 bytes @ 0x20000124)
T3D74 1254:070.528   CPU_ReadMem(24 bytes @ 0x20000124)
T3D74 1254:080.512   CPU_ReadMem(24 bytes @ 0x20000124)
T3D74 1254:091.520   CPU_ReadMem(24 bytes @ 0x20000124)
T3D74 1254:102.400   CPU_ReadMem(24 bytes @ 0x20000124)
T3D74 1254:113.536   CPU_ReadMem(24 bytes @ 0x20000124)
T3D74 1254:123.392   CPU_ReadMem(24 bytes @ 0x20000124)
T3D74 1254:133.504   CPU_ReadMem(24 bytes @ 0x20000124)
T3D74 1254:143.488   CPU_ReadMem(24 bytes @ 0x20000124)
T3D74 1254:154.496   CPU_ReadMem(24 bytes @ 0x20000124)
T3D74 1254:164.480   CPU_ReadMem(24 bytes @ 0x20000124)
T3D74 1254:175.488   CPU_ReadMem(24 bytes @ 0x20000124)
T3D74 1254:185.472   CPU_ReadMem(24 bytes @ 0x20000124)
T3D74 1254:195.584   CPU_ReadMem(24 bytes @ 0x20000124)
T3D74 1254:206.592   CPU_ReadMem(24 bytes @ 0x20000124)
T3D74 1254:217.472   CPU_ReadMem(24 bytes @ 0x20000124)
T3D74 1254:228.480   CPU_ReadMem(24 bytes @ 0x20000124)
T3D74 1254:239.488   CPU_ReadMem(24 bytes @ 0x20000124)
T3D74 1254:249.600   CPU_ReadMem(24 bytes @ 0x20000124)
T3D74 1254:260.480   CPU_ReadMem(24 bytes @ 0x20000124)
T3D74 1254:270.464   CPU_ReadMem(24 bytes @ 0x20000124)
T3D74 1254:280.448   CPU_ReadMem(24 bytes @ 0x20000124)
T3D74 1254:290.560   CPU_ReadMem(24 bytes @ 0x20000124)
T3D74 1254:301.184   CPU_ReadMem(24 bytes @ 0x20000124)
T3D74 1254:312.192   CPU_ReadMem(24 bytes @ 0x20000124)
T3D74 1254:323.072   CPU_ReadMem(24 bytes @ 0x20000124)
T3D74 1254:334.208   CPU_ReadMem(24 bytes @ 0x20000124)
T3D74 1254:344.192   CPU_ReadMem(24 bytes @ 0x20000124)
T3D74 1254:354.176   CPU_ReadMem(24 bytes @ 0x20000124)
T3D74 1254:364.288   CPU_ReadMem(24 bytes @ 0x20000124)
T3D74 1254:375.296   CPU_ReadMem(24 bytes @ 0x20000124)
T3D74 1254:385.792   CPU_ReadMem(24 bytes @ 0x20000124)
T3D74 1254:397.312   CPU_ReadMem(24 bytes @ 0x20000124)
T3D74 1254:407.552   CPU_ReadMem(24 bytes @ 0x20000124)
T3D74 1254:418.688   CPU_ReadMem(24 bytes @ 0x20000124)
T3D74 1254:429.056   CPU_ReadMem(24 bytes @ 0x20000124)
T3D74 1254:439.168   CPU_ReadMem(24 bytes @ 0x20000124)
T3D74 1254:449.408   CPU_ReadMem(24 bytes @ 0x20000124)
T3D74 1254:459.520   CPU_ReadMem(24 bytes @ 0x20000124)
T3D74 1254:470.400   CPU_ReadMem(24 bytes @ 0x20000124)
T3D74 1254:480.768   CPU_ReadMem(24 bytes @ 0x20000124)
T3D74 1254:491.520   CPU_ReadMem(24 bytes @ 0x20000124)
T3D74 1254:502.528   CPU_ReadMem(24 bytes @ 0x20000124)
T3D74 1254:512.512   CPU_ReadMem(24 bytes @ 0x20000124)
T3D74 1254:522.624   CPU_ReadMem(24 bytes @ 0x20000124)
T3D74 1254:533.120   CPU_ReadMem(24 bytes @ 0x20000124)
T3D74 1254:544.256   CPU_ReadMem(24 bytes @ 0x20000124)
T3D74 1254:555.904   CPU_ReadMem(24 bytes @ 0x20000124)
T3D74 1254:567.936   CPU_ReadMem(24 bytes @ 0x20000124)
T3D74 1254:579.456   CPU_ReadMem(24 bytes @ 0x20000124)
T3D74 1254:590.464   CPU_ReadMem(24 bytes @ 0x20000124)
T3D74 1254:601.472   CPU_ReadMem(24 bytes @ 0x20000124)
T3D74 1254:612.480   CPU_ReadMem(24 bytes @ 0x20000124)
T3D74 1254:623.488   CPU_ReadMem(24 bytes @ 0x20000124)
T3D74 1254:633.600   CPU_ReadMem(24 bytes @ 0x20000124)
T3D74 1254:644.224   CPU_ReadMem(24 bytes @ 0x20000124)
T3D74 1254:654.336   CPU_ReadMem(24 bytes @ 0x20000124)
T3D74 1254:666.112   CPU_ReadMem(24 bytes @ 0x20000124)
T3D74 1254:677.120   CPU_ReadMem(24 bytes @ 0x20000124)
T3D74 1254:687.104   CPU_ReadMem(24 bytes @ 0x20000124)
T3D74 1254:698.112   CPU_ReadMem(24 bytes @ 0x20000124)
T3D74 1254:708.608   CPU_ReadMem(24 bytes @ 0x20000124)
T3D74 1254:719.744   CPU_ReadMem(24 bytes @ 0x20000124)
T3D74 1254:731.008   CPU_ReadMem(24 bytes @ 0x20000124)
T3D74 1254:742.784   CPU_ReadMem(24 bytes @ 0x20000124)
T3D74 1254:754.560   CPU_ReadMem(24 bytes @ 0x20000124)
T3D74 1254:765.696   CPU_ReadMem(24 bytes @ 0x20000124)
T3D74 1254:776.448   CPU_ReadMem(24 bytes @ 0x20000124)
T3D74 1254:786.560   CPU_ReadMem(24 bytes @ 0x20000124)
T3D74 1254:798.592   CPU_ReadMem(24 bytes @ 0x20000124)
T3D74 1254:809.600   CPU_ReadMem(24 bytes @ 0x20000124)
T3D74 1254:819.968   CPU_ReadMem(24 bytes @ 0x20000124)
T3D74 1254:831.616   CPU_ReadMem(24 bytes @ 0x20000124)
T3D74 1254:841.600   CPU_ReadMem(24 bytes @ 0x20000124)
T3D74 1254:853.376   CPU_ReadMem(24 bytes @ 0x20000124)
T3D74 1254:864.256   CPU_ReadMem(24 bytes @ 0x20000124)
T3D74 1254:875.392   CPU_ReadMem(24 bytes @ 0x20000124)
T3D74 1254:886.144   CPU_ReadMem(24 bytes @ 0x20000124)
T3D74 1254:896.512   CPU_ReadMem(24 bytes @ 0x20000124)
T3D74 1254:907.648   CPU_ReadMem(24 bytes @ 0x20000124)
T3D74 1254:918.528   CPU_ReadMem(24 bytes @ 0x20000124)
T3D74 1254:929.024   CPU_ReadMem(24 bytes @ 0x20000124)
T3D74 1254:940.544   CPU_ReadMem(24 bytes @ 0x20000124)
T3D74 1254:950.656   CPU_ReadMem(24 bytes @ 0x20000124)
T3D74 1254:961.536   CPU_ReadMem(24 bytes @ 0x20000124)
T3D74 1254:972.288   CPU_ReadMem(24 bytes @ 0x20000124)
T3D74 1254:982.784   CPU_ReadMem(24 bytes @ 0x20000124)
T3D74 1254:993.792   CPU_ReadMem(24 bytes @ 0x20000124)
T3D74 1255:004.544   CPU_ReadMem(24 bytes @ 0x20000124)
T3D74 1255:014.656   CPU_ReadMem(24 bytes @ 0x20000124)
T3D74 1255:024.768   CPU_ReadMem(24 bytes @ 0x20000124)
T3D74 1255:035.648   CPU_ReadMem(24 bytes @ 0x20000124)
T3D74 1255:046.528   CPU_ReadMem(24 bytes @ 0x20000124)
T3D74 1255:057.280   CPU_ReadMem(24 bytes @ 0x20000124)
T3D74 1255:067.392   CPU_ReadMem(24 bytes @ 0x20000124)
T3D74 1255:078.400   CPU_ReadMem(24 bytes @ 0x20000124)
T3D74 1255:088.384   CPU_ReadMem(24 bytes @ 0x20000124)
T3D74 1255:099.392   CPU_ReadMem(24 bytes @ 0x20000124)
T3D74 1255:109.376   CPU_ReadMem(24 bytes @ 0x20000124)
T3D74 1255:120.384   CPU_ReadMem(24 bytes @ 0x20000124)
T3D74 1255:131.008   CPU_ReadMem(24 bytes @ 0x20000124)
T3D74 1255:142.400   CPU_ReadMem(24 bytes @ 0x20000124)
T3D74 1255:153.152   CPU_ReadMem(24 bytes @ 0x20000124)
T3D74 1255:163.776   CPU_ReadMem(24 bytes @ 0x20000124)
T3D74 1255:173.888   CPU_ReadMem(24 bytes @ 0x20000124)
T3D74 1255:183.872   CPU_ReadMem(24 bytes @ 0x20000124)
T3D74 1255:193.856   CPU_ReadMem(24 bytes @ 0x20000124)
T3D74 1255:204.096   CPU_ReadMem(24 bytes @ 0x20000124)
T3D74 1255:215.616   CPU_ReadMem(24 bytes @ 0x20000124)
T3D74 1255:226.496   CPU_ReadMem(24 bytes @ 0x20000124)
T3D74 1255:236.480   CPU_ReadMem(24 bytes @ 0x20000124)
T3D74 1255:246.592   CPU_ReadMem(24 bytes @ 0x20000124)
T3D74 1255:257.856   CPU_ReadMem(24 bytes @ 0x20000124)
T3D74 1255:268.480   CPU_ReadMem(24 bytes @ 0x20000124)
T3D74 1255:278.464   CPU_ReadMem(24 bytes @ 0x20000124)
T3D74 1255:288.576   CPU_ReadMem(24 bytes @ 0x20000124)
T3D74 1255:298.688   CPU_ReadMem(24 bytes @ 0x20000124)
T3D74 1255:308.544   CPU_ReadMem(24 bytes @ 0x20000124)
T3D74 1255:319.296   CPU_ReadMem(24 bytes @ 0x20000124)
T3D74 1255:330.944   CPU_ReadMem(24 bytes @ 0x20000124)
T3D74 1255:340.928   CPU_ReadMem(24 bytes @ 0x20000124)
T3D74 1255:351.040   CPU_ReadMem(24 bytes @ 0x20000124)
T3D74 1255:360.896   CPU_ReadMem(24 bytes @ 0x20000124)
T3D74 1255:371.520   CPU_ReadMem(24 bytes @ 0x20000124)
T3D74 1255:382.528   CPU_ReadMem(24 bytes @ 0x20000124)
T3D74 1255:392.512   CPU_ReadMem(24 bytes @ 0x20000124)
T3D74 1255:402.752   CPU_ReadMem(24 bytes @ 0x20000124)
T3D74 1255:413.888   CPU_ReadMem(24 bytes @ 0x20000124)
T3D74 1255:424.768   CPU_ReadMem(24 bytes @ 0x20000124)
T3D74 1255:435.136   CPU_ReadMem(24 bytes @ 0x20000124)
T3D74 1255:446.144   CPU_ReadMem(24 bytes @ 0x20000124)
T3D74 1255:456.128   CPU_ReadMem(24 bytes @ 0x20000124)
T3D74 1255:468.032   CPU_ReadMem(24 bytes @ 0x20000124)
T3D74 1255:478.400   CPU_ReadMem(24 bytes @ 0x20000124)
T3D74 1255:488.384   CPU_ReadMem(24 bytes @ 0x20000124)
T3D74 1255:499.392   CPU_ReadMem(24 bytes @ 0x20000124)
T3D74 1255:509.376   CPU_ReadMem(24 bytes @ 0x20000124)
T3D74 1255:519.616   CPU_ReadMem(24 bytes @ 0x20000124)
T3D74 1255:529.728   CPU_ReadMem(24 bytes @ 0x20000124)
T3D74 1255:540.480   CPU_ReadMem(24 bytes @ 0x20000124)
T3D74 1255:550.720   CPU_ReadMem(24 bytes @ 0x20000124)
T3D74 1255:561.600   CPU_ReadMem(24 bytes @ 0x20000124)
T3D74 1255:572.224   CPU_ReadMem(24 bytes @ 0x20000124)
T3D74 1255:584.384   CPU_ReadMem(24 bytes @ 0x20000124)
T3D74 1255:595.904   CPU_ReadMem(24 bytes @ 0x20000124)
T3D74 1255:607.680   CPU_ReadMem(24 bytes @ 0x20000124)
T3D74 1255:618.688   CPU_ReadMem(24 bytes @ 0x20000124)
T3D74 1255:628.672   CPU_ReadMem(24 bytes @ 0x20000124)
T3D74 1255:639.680   CPU_ReadMem(24 bytes @ 0x20000124)
T3D74 1255:649.664   CPU_ReadMem(24 bytes @ 0x20000124)
T3D74 1255:659.648   CPU_ReadMem(24 bytes @ 0x20000124)
T3D74 1255:670.656   CPU_ReadMem(24 bytes @ 0x20000124)
T3D74 1255:680.768   CPU_ReadMem(24 bytes @ 0x20000124)
T3D74 1255:691.776   CPU_ReadMem(24 bytes @ 0x20000124)
T3D74 1255:702.784   CPU_ReadMem(24 bytes @ 0x20000124)
T3D74 1255:713.664   CPU_ReadMem(24 bytes @ 0x20000124)
T3D74 1255:723.776   CPU_ReadMem(24 bytes @ 0x20000124)
T3D74 1255:734.784   CPU_ReadMem(24 bytes @ 0x20000124)
T3D74 1255:745.536   CPU_ReadMem(24 bytes @ 0x20000124)
T3D74 1255:756.416   CPU_ReadMem(24 bytes @ 0x20000124)
T3D74 1255:766.784   CPU_ReadMem(24 bytes @ 0x20000124)
T3D74 1255:778.048   CPU_ReadMem(24 bytes @ 0x20000124)
T3D74 1255:789.568   CPU_ReadMem(24 bytes @ 0x20000124)
T3D74 1255:800.064   CPU_ReadMem(24 bytes @ 0x20000124)
T3D74 1255:811.456   CPU_ReadMem(24 bytes @ 0x20000124)
T3D74 1255:821.568   CPU_ReadMem(24 bytes @ 0x20000124)
T3D74 1255:831.552   CPU_ReadMem(24 bytes @ 0x20000124)
T3D74 1255:841.536   CPU_ReadMem(24 bytes @ 0x20000124)
T3D74 1255:851.648   CPU_ReadMem(24 bytes @ 0x20000124)
T3D74 1255:862.272   CPU_ReadMem(24 bytes @ 0x20000124)
T3D74 1255:873.280   CPU_ReadMem(24 bytes @ 0x20000124)
T3D74 1255:883.392   CPU_ReadMem(24 bytes @ 0x20000124)
T3D74 1255:894.272   CPU_ReadMem(24 bytes @ 0x20000124)
T3D74 1255:905.408   CPU_ReadMem(24 bytes @ 0x20000124)
T3D74 1255:917.312   CPU_ReadMem(24 bytes @ 0x20000124)
T3D74 1255:928.576   CPU_ReadMem(24 bytes @ 0x20000124)
T3D74 1255:939.456   CPU_ReadMem(24 bytes @ 0x20000124)
T3D74 1255:949.568   CPU_ReadMem(24 bytes @ 0x20000124)
T3D74 1255:960.576   CPU_ReadMem(24 bytes @ 0x20000124)
T3D74 1255:970.560   CPU_ReadMem(24 bytes @ 0x20000124)
T3D74 1255:980.544   CPU_ReadMem(24 bytes @ 0x20000124)
T3D74 1255:991.552   CPU_ReadMem(24 bytes @ 0x20000124)
T3D74 1256:002.688   CPU_ReadMem(24 bytes @ 0x20000124)
T3D74 1256:014.592   CPU_ReadMem(24 bytes @ 0x20000124)
T3D74 1256:025.472   CPU_ReadMem(24 bytes @ 0x20000124)
T3D74 1256:036.352   CPU_ReadMem(24 bytes @ 0x20000124)
T3D74 1256:046.592   CPU_ReadMem(24 bytes @ 0x20000124)
T3D74 1256:057.600   CPU_ReadMem(24 bytes @ 0x20000124)
T3D74 1256:067.584   CPU_ReadMem(24 bytes @ 0x20000124)
T3D74 1256:078.592   CPU_ReadMem(24 bytes @ 0x20000124)
T3D74 1256:089.472   CPU_ReadMem(24 bytes @ 0x20000124)
T3D74 1256:099.584   CPU_ReadMem(24 bytes @ 0x20000124)
T3D74 1256:109.696   CPU_ReadMem(24 bytes @ 0x20000124)
T3D74 1256:120.576   CPU_ReadMem(24 bytes @ 0x20000124)
T3D74 1256:131.328   CPU_ReadMem(24 bytes @ 0x20000124)
T3D74 1256:141.312   CPU_ReadMem(24 bytes @ 0x20000124)
T3D74 1256:152.192   CPU_ReadMem(24 bytes @ 0x20000124)
T3D74 1256:162.176   CPU_ReadMem(24 bytes @ 0x20000124)
T3D74 1256:172.672   CPU_ReadMem(24 bytes @ 0x20000124)
T3D74 1256:182.784   CPU_ReadMem(24 bytes @ 0x20000124)
T3D74 1256:192.768   CPU_ReadMem(24 bytes @ 0x20000124)
T3D74 1256:202.752   CPU_ReadMem(24 bytes @ 0x20000124)
T3D74 1256:212.736   CPU_ReadMem(24 bytes @ 0x20000124)
T3D74 1256:223.488   CPU_ReadMem(24 bytes @ 0x20000124)
T3D74 1256:233.856   CPU_ReadMem(24 bytes @ 0x20000124)
T3D74 1256:243.968   CPU_ReadMem(24 bytes @ 0x20000124)
T3D74 1256:255.104   CPU_ReadMem(24 bytes @ 0x20000124)
T3D74 1256:264.960   CPU_ReadMem(24 bytes @ 0x20000124)
T3D74 1256:275.072   CPU_ReadMem(24 bytes @ 0x20000124)
T3D74 1256:285.952   CPU_ReadMem(24 bytes @ 0x20000124)
T3D74 1256:297.600   CPU_ReadMem(24 bytes @ 0x20000124)
T3D74 1256:308.480   CPU_ReadMem(24 bytes @ 0x20000124)
T3D74 1256:318.464   CPU_ReadMem(24 bytes @ 0x20000124)
T3D74 1256:328.576   CPU_ReadMem(24 bytes @ 0x20000124)
T3D74 1256:339.712   CPU_ReadMem(24 bytes @ 0x20000124)
T3D74 1256:351.616   CPU_ReadMem(24 bytes @ 0x20000124)
T3D74 1256:362.624   CPU_ReadMem(24 bytes @ 0x20000124)
T3D74 1256:372.992   CPU_ReadMem(24 bytes @ 0x20000124)
T3D74 1256:384.640   CPU_ReadMem(24 bytes @ 0x20000124)
T3D74 1256:394.624   CPU_ReadMem(24 bytes @ 0x20000124)
T3D74 1256:405.760   CPU_ReadMem(24 bytes @ 0x20000124)
T3D74 1256:417.536   CPU_ReadMem(24 bytes @ 0x20000124)
T3D74 1256:427.648   CPU_ReadMem(24 bytes @ 0x20000124)
T3D74 1256:438.528   CPU_ReadMem(24 bytes @ 0x20000124)
T3D74 1256:448.384   CPU_ReadMem(24 bytes @ 0x20000124)
T3D74 1256:458.496   CPU_ReadMem(24 bytes @ 0x20000124)
T3D74 1256:468.992   CPU_ReadMem(24 bytes @ 0x20000124)
T3D74 1256:479.488   CPU_ReadMem(24 bytes @ 0x20000124)
T3D74 1256:489.600   CPU_ReadMem(24 bytes @ 0x20000124)
T3D74 1256:499.968   CPU_ReadMem(24 bytes @ 0x20000124)
T3D74 1256:510.080   CPU_ReadMem(24 bytes @ 0x20000124)
T3D74 1256:520.064   CPU_ReadMem(24 bytes @ 0x20000124)
T3D74 1256:530.944   CPU_ReadMem(24 bytes @ 0x20000124)
T3D74 1256:541.056   CPU_ReadMem(24 bytes @ 0x20000124)
T3D74 1256:552.064   CPU_ReadMem(24 bytes @ 0x20000124)
T3D74 1256:562.944   CPU_ReadMem(24 bytes @ 0x20000124)
T3D74 1256:572.928   CPU_ReadMem(24 bytes @ 0x20000124)
T3D74 1256:583.424   CPU_ReadMem(24 bytes @ 0x20000124)
T3D74 1256:593.280   CPU_ReadMem(24 bytes @ 0x20000124)
T3D74 1256:603.392   CPU_ReadMem(24 bytes @ 0x20000124)
T3D74 1256:614.272   CPU_ReadMem(24 bytes @ 0x20000124)
T3D74 1256:624.384   CPU_ReadMem(24 bytes @ 0x20000124)
T3D74 1256:635.392   CPU_ReadMem(24 bytes @ 0x20000124)
T3D74 1256:645.632   CPU_ReadMem(24 bytes @ 0x20000124)
T3D74 1256:657.664   CPU_ReadMem(24 bytes @ 0x20000124)
T3D74 1256:668.800   CPU_ReadMem(24 bytes @ 0x20000124)
T3D74 1256:679.424   CPU_ReadMem(24 bytes @ 0x20000124)
T3D74 1256:689.920   CPU_ReadMem(24 bytes @ 0x20000124)
T3D74 1256:701.056   CPU_ReadMem(24 bytes @ 0x20000124)
T3D74 1256:711.936   CPU_ReadMem(24 bytes @ 0x20000124)
T3D74 1256:722.944   CPU_ReadMem(24 bytes @ 0x20000124)
T3D74 1256:733.440   CPU_ReadMem(24 bytes @ 0x20000124)
T3D74 1256:743.808   CPU_ReadMem(24 bytes @ 0x20000124)
T3D74 1256:754.560   CPU_ReadMem(24 bytes @ 0x20000124)
T3D74 1256:765.568   CPU_ReadMem(24 bytes @ 0x20000124)
T3D74 1256:777.472   CPU_ReadMem(24 bytes @ 0x20000124)
T3D74 1256:788.480   CPU_ReadMem(24 bytes @ 0x20000124)
T3D74 1256:800.256   CPU_ReadMem(24 bytes @ 0x20000124)
T3D74 1256:812.160   CPU_ReadMem(24 bytes @ 0x20000124)
T3D74 1256:823.552   CPU_ReadMem(24 bytes @ 0x20000124)
T3D74 1256:834.304   CPU_ReadMem(24 bytes @ 0x20000124)
T3D74 1256:844.672   CPU_ReadMem(24 bytes @ 0x20000124)
T3D74 1256:854.912   CPU_ReadMem(24 bytes @ 0x20000124)
T3D74 1256:866.560   CPU_ReadMem(24 bytes @ 0x20000124)
T3D74 1256:876.672   CPU_ReadMem(24 bytes @ 0x20000124)
T3D74 1256:886.656   CPU_ReadMem(24 bytes @ 0x20000124)
T3D74 1256:896.768   CPU_ReadMem(24 bytes @ 0x20000124)
T3D74 1256:906.752   CPU_ReadMem(24 bytes @ 0x20000124)
T3D74 1256:917.760   CPU_ReadMem(24 bytes @ 0x20000124)
T3D74 1256:927.872   CPU_ReadMem(24 bytes @ 0x20000124)
T3D74 1256:937.856   CPU_ReadMem(24 bytes @ 0x20000124)
T3D74 1256:947.968   CPU_ReadMem(24 bytes @ 0x20000124)
T3D74 1256:957.952   CPU_ReadMem(24 bytes @ 0x20000124)
T3D74 1256:967.936   CPU_ReadMem(24 bytes @ 0x20000124)
T3D74 1256:978.048   CPU_ReadMem(24 bytes @ 0x20000124)
T3D74 1256:988.032   CPU_ReadMem(24 bytes @ 0x20000124)
T3D74 1256:999.168   CPU_ReadMem(24 bytes @ 0x20000124)
T3D74 1257:009.280   CPU_ReadMem(24 bytes @ 0x20000124)
T3D74 1257:019.264   CPU_ReadMem(24 bytes @ 0x20000124)
T3D74 1257:029.888   CPU_ReadMem(24 bytes @ 0x20000124)
T3D74 1257:040.896   CPU_ReadMem(24 bytes @ 0x20000124)
T3D74 1257:052.032   CPU_ReadMem(24 bytes @ 0x20000124)
T3D74 1257:062.144   CPU_ReadMem(24 bytes @ 0x20000124)
T3D74 1257:074.304   CPU_ReadMem(24 bytes @ 0x20000124)
T3D74 1257:086.080   CPU_ReadMem(24 bytes @ 0x20000124)
T3D74 1257:097.856   CPU_ReadMem(24 bytes @ 0x20000124)
T3D74 1257:108.864   CPU_ReadMem(24 bytes @ 0x20000124)
T3D74 1257:120.000   CPU_ReadMem(24 bytes @ 0x20000124)
T3D74 1257:131.776   CPU_ReadMem(24 bytes @ 0x20000124)
T3D74 1257:142.656   CPU_ReadMem(24 bytes @ 0x20000124)
T3D74 1257:153.792   CPU_ReadMem(24 bytes @ 0x20000124)
T3D74 1257:164.928   CPU_ReadMem(24 bytes @ 0x20000124)
T3D74 1257:176.832   CPU_ReadMem(24 bytes @ 0x20000124)
T3D74 1257:188.096   CPU_ReadMem(24 bytes @ 0x20000124)
T3D74 1257:199.232   CPU_ReadMem(24 bytes @ 0x20000124)
T3D74 1257:210.368   CPU_ReadMem(24 bytes @ 0x20000124)
T3D74 1257:221.888   CPU_ReadMem(24 bytes @ 0x20000124)
T3D74 1257:233.280   CPU_ReadMem(24 bytes @ 0x20000124)
T3D74 1257:244.032   CPU_ReadMem(24 bytes @ 0x20000124)
T3D74 1257:255.168   CPU_ReadMem(24 bytes @ 0x20000124)
T3D74 1257:266.432   CPU_ReadMem(24 bytes @ 0x20000124)
T3D74 1257:277.824   CPU_ReadMem(24 bytes @ 0x20000124)
T3D74 1257:288.960   CPU_ReadMem(24 bytes @ 0x20000124)
T3D74 1257:300.608   CPU_ReadMem(24 bytes @ 0x20000124)
T3D74 1257:310.464   CPU_ReadMem(24 bytes @ 0x20000124)
T3D74 1257:321.728   CPU_ReadMem(24 bytes @ 0x20000124)
T3D74 1257:333.504   CPU_ReadMem(24 bytes @ 0x20000124)
T3D74 1257:343.616   CPU_ReadMem(24 bytes @ 0x20000124)
T3D74 1257:354.112   CPU_ReadMem(24 bytes @ 0x20000124)
T3D74 1257:365.760   CPU_ReadMem(24 bytes @ 0x20000124)
T3D74 1257:377.536   CPU_ReadMem(24 bytes @ 0x20000124)
T3D74 1257:389.568   CPU_ReadMem(24 bytes @ 0x20000124)
T3D74 1257:401.088   CPU_ReadMem(24 bytes @ 0x20000124)
T3D74 1257:412.736   CPU_ReadMem(24 bytes @ 0x20000124)
T3D74 1257:423.616   CPU_ReadMem(24 bytes @ 0x20000124)
T3D74 1257:433.728   CPU_ReadMem(24 bytes @ 0x20000124)
T3D74 1257:443.712   CPU_ReadMem(24 bytes @ 0x20000124)
T3D74 1257:455.872   CPU_ReadMem(24 bytes @ 0x20000124)
T3D74 1257:467.264   CPU_ReadMem(24 bytes @ 0x20000124)
T3D74 1257:478.912   CPU_ReadMem(24 bytes @ 0x20000124)
T3D74 1257:491.456   CPU_ReadMem(24 bytes @ 0x20000124)
T3D74 1257:502.336   CPU_ReadMem(24 bytes @ 0x20000124)
T3D74 1257:512.448   CPU_ReadMem(24 bytes @ 0x20000124)
T3D74 1257:523.456   CPU_ReadMem(24 bytes @ 0x20000124)
T3D74 1257:534.208   CPU_ReadMem(24 bytes @ 0x20000124)
T3D74 1257:545.088   CPU_ReadMem(24 bytes @ 0x20000124)
T3D74 1257:556.224   CPU_ReadMem(24 bytes @ 0x20000124)
T3D74 1257:568.256   CPU_ReadMem(24 bytes @ 0x20000124)
T3D74 1257:578.880   CPU_ReadMem(24 bytes @ 0x20000124)
T3D74 1257:588.992   CPU_ReadMem(24 bytes @ 0x20000124)
T3D74 1257:598.976   CPU_ReadMem(24 bytes @ 0x20000124)
T3D74 1257:610.368   CPU_ReadMem(24 bytes @ 0x20000124)
T3D74 1257:620.352   CPU_ReadMem(24 bytes @ 0x20000124)
T3D74 1257:631.360   CPU_ReadMem(24 bytes @ 0x20000124)
T3D74 1257:642.368   CPU_ReadMem(24 bytes @ 0x20000124)
T3D74 1257:653.376   CPU_ReadMem(24 bytes @ 0x20000124)
T3D74 1257:664.384   CPU_ReadMem(24 bytes @ 0x20000124)
T3D74 1257:675.520   CPU_ReadMem(24 bytes @ 0x20000124)
T3D74 1257:686.016   CPU_ReadMem(24 bytes @ 0x20000124)
T3D74 1257:697.792   CPU_ReadMem(24 bytes @ 0x20000124)
T3D74 1257:708.800   CPU_ReadMem(24 bytes @ 0x20000124)
T3D74 1257:719.936   CPU_ReadMem(24 bytes @ 0x20000124)
T3D74 1257:732.096   CPU_ReadMem(24 bytes @ 0x20000124)
T3D74 1257:743.616   CPU_ReadMem(24 bytes @ 0x20000124)
T3D74 1257:754.752   CPU_ReadMem(24 bytes @ 0x20000124)
T3D74 1257:765.760   CPU_ReadMem(24 bytes @ 0x20000124)
T3D74 1257:776.768   CPU_ReadMem(24 bytes @ 0x20000124)
T3D74 1257:787.648   CPU_ReadMem(24 bytes @ 0x20000124)
T3D74 1257:799.168   CPU_ReadMem(24 bytes @ 0x20000124)
T3D74 1257:810.048   CPU_ReadMem(24 bytes @ 0x20000124)
T3D74 1257:820.416   CPU_ReadMem(24 bytes @ 0x20000124)
T3D74 1257:832.064   CPU_ReadMem(24 bytes @ 0x20000124)
T3D74 1257:842.560   CPU_ReadMem(24 bytes @ 0x20000124)
T3D74 1257:853.440   CPU_ReadMem(24 bytes @ 0x20000124)
T3D74 1257:863.552   CPU_ReadMem(24 bytes @ 0x20000124)
T3D74 1257:873.664   CPU_ReadMem(24 bytes @ 0x20000124)
T3D74 1257:884.544   CPU_ReadMem(24 bytes @ 0x20000124)
T3D74 1257:895.552   CPU_ReadMem(24 bytes @ 0x20000124)
T3D74 1257:906.560   CPU_ReadMem(24 bytes @ 0x20000124)
T3D74 1257:918.592   CPU_ReadMem(24 bytes @ 0x20000124)
T3D74 1257:928.960   CPU_ReadMem(24 bytes @ 0x20000124)
T3D74 1257:939.840   CPU_ReadMem(24 bytes @ 0x20000124)
T3D74 1257:949.952   CPU_ReadMem(24 bytes @ 0x20000124)
T3D74 1257:961.216   CPU_ReadMem(24 bytes @ 0x20000124)
T3D74 1257:971.968   CPU_ReadMem(24 bytes @ 0x20000124)
T3D74 1257:982.208   CPU_ReadMem(24 bytes @ 0x20000124)
T3D74 1257:993.984   CPU_ReadMem(24 bytes @ 0x20000124)
T3D74 1258:005.120   CPU_ReadMem(24 bytes @ 0x20000124)
T3D74 1258:016.000   CPU_ReadMem(24 bytes @ 0x20000124)
T3D74 1258:026.112   CPU_ReadMem(24 bytes @ 0x20000124)
T3D74 1258:037.504   CPU_ReadMem(24 bytes @ 0x20000124)
T3D74 1258:048.384   CPU_ReadMem(24 bytes @ 0x20000124)
T3D74 1258:059.520   CPU_ReadMem(24 bytes @ 0x20000124)
T3D74 1258:070.784   CPU_ReadMem(24 bytes @ 0x20000124)
T3D74 1258:081.664   CPU_ReadMem(24 bytes @ 0x20000124)
T3D74 1258:092.160   CPU_ReadMem(24 bytes @ 0x20000124)
T3D74 1258:102.528   CPU_ReadMem(24 bytes @ 0x20000124)
T3D74 1258:114.048   CPU_ReadMem(24 bytes @ 0x20000124)
T3D74 1258:124.032   CPU_ReadMem(24 bytes @ 0x20000124)
T3D74 1258:135.040   CPU_ReadMem(24 bytes @ 0x20000124)
T3D74 1258:146.048   CPU_ReadMem(24 bytes @ 0x20000124)
T3D74 1258:156.160   CPU_ReadMem(24 bytes @ 0x20000124)
T3D74 1258:167.168   CPU_ReadMem(24 bytes @ 0x20000124)
T3D74 1258:177.280   CPU_ReadMem(24 bytes @ 0x20000124)
T3D74 1258:188.160   CPU_ReadMem(24 bytes @ 0x20000124)
T3D74 1258:198.272   CPU_ReadMem(24 bytes @ 0x20000124)
T3D74 1258:209.152   CPU_ReadMem(24 bytes @ 0x20000124)
T3D74 1258:220.160   CPU_ReadMem(24 bytes @ 0x20000124)
T3D74 1258:231.040   CPU_ReadMem(24 bytes @ 0x20000124)
T3D74 1258:241.792   CPU_ReadMem(24 bytes @ 0x20000124)
T3D74 1258:253.056   CPU_ReadMem(24 bytes @ 0x20000124)
T3D74 1258:263.808   CPU_ReadMem(24 bytes @ 0x20000124)
T3D74 1258:275.584   CPU_ReadMem(24 bytes @ 0x20000124)
T3D74 1258:286.848   CPU_ReadMem(24 bytes @ 0x20000124)
T3D74 1258:298.368   CPU_ReadMem(24 bytes @ 0x20000124)
T3D74 1258:308.864   CPU_ReadMem(24 bytes @ 0x20000124)
T3D74 1258:318.848   CPU_ReadMem(24 bytes @ 0x20000124)
T3D74 1258:328.832   CPU_ReadMem(24 bytes @ 0x20000124)
T3D74 1258:338.944   CPU_ReadMem(24 bytes @ 0x20000124)
T3D74 1258:348.800   CPU_ReadMem(24 bytes @ 0x20000124)
T3D74 1258:358.912   CPU_ReadMem(24 bytes @ 0x20000124)
T3D74 1258:369.792   CPU_ReadMem(24 bytes @ 0x20000124)
T3D74 1258:380.032   CPU_ReadMem(24 bytes @ 0x20000124)
T3D74 1258:390.016   CPU_ReadMem(24 bytes @ 0x20000124)
T3D74 1258:400.128   CPU_ReadMem(24 bytes @ 0x20000124)
T3D74 1258:411.008   CPU_ReadMem(24 bytes @ 0x20000124)
T3D74 1258:422.016   CPU_ReadMem(24 bytes @ 0x20000124)
T3D74 1258:432.128   CPU_ReadMem(24 bytes @ 0x20000124)
T3D74 1258:443.008   CPU_ReadMem(24 bytes @ 0x20000124)
T3D74 1258:452.992   CPU_ReadMem(24 bytes @ 0x20000124)
T3D74 1258:464.512   CPU_ReadMem(24 bytes @ 0x20000124)
T3D74 1258:474.496   CPU_ReadMem(24 bytes @ 0x20000124)
T3D74 1258:485.504   CPU_ReadMem(24 bytes @ 0x20000124)
T3D74 1258:495.488   CPU_ReadMem(24 bytes @ 0x20000124)
T3D74 1258:506.496   CPU_ReadMem(24 bytes @ 0x20000124)
T3D74 1258:518.400   CPU_ReadMem(24 bytes @ 0x20000124)
T3D74 1258:529.408   CPU_ReadMem(24 bytes @ 0x20000124)
T3D74 1258:539.392   CPU_ReadMem(24 bytes @ 0x20000124)
T3D74 1258:550.528   CPU_ReadMem(24 bytes @ 0x20000124)
T3D74 1258:561.664   CPU_ReadMem(24 bytes @ 0x20000124)
T3D74 1258:571.648   CPU_ReadMem(24 bytes @ 0x20000124)
T3D74 1258:582.528   CPU_ReadMem(24 bytes @ 0x20000124)
T3D74 1258:592.512   CPU_ReadMem(24 bytes @ 0x20000124)
T3D74 1258:603.392   CPU_ReadMem(24 bytes @ 0x20000124)
T3D74 1258:613.504   CPU_ReadMem(24 bytes @ 0x20000124)
T3D74 1258:623.488   CPU_ReadMem(24 bytes @ 0x20000124)
T3D74 1258:634.496   CPU_ReadMem(24 bytes @ 0x20000124)
T3D74 1258:645.760   CPU_ReadMem(24 bytes @ 0x20000124)
T3D74 1258:656.512   CPU_ReadMem(24 bytes @ 0x20000124)
T3D74 1258:666.624   CPU_ReadMem(24 bytes @ 0x20000124)
T3D74 1258:677.504   CPU_ReadMem(24 bytes @ 0x20000124)
T3D74 1258:687.488   CPU_ReadMem(24 bytes @ 0x20000124)
T3D74 1258:698.368   CPU_ReadMem(24 bytes @ 0x20000124)
T3D74 1258:708.352   CPU_ReadMem(24 bytes @ 0x20000124)
T3D74 1258:718.464   CPU_ReadMem(24 bytes @ 0x20000124)
T3D74 1258:728.576   CPU_ReadMem(24 bytes @ 0x20000124)
T3D74 1258:739.328   CPU_ReadMem(24 bytes @ 0x20000124)
T3D74 1258:749.312   CPU_ReadMem(24 bytes @ 0x20000124)
T3D74 1258:759.552   CPU_ReadMem(24 bytes @ 0x20000124)
T3D74 1258:770.688   CPU_ReadMem(24 bytes @ 0x20000124)
T3D74 1258:781.568   CPU_ReadMem(24 bytes @ 0x20000124)
T3D74 1258:791.936   CPU_ReadMem(24 bytes @ 0x20000124)
T3D74 1258:802.944   CPU_ReadMem(24 bytes @ 0x20000124)
T3D74 1258:812.928   CPU_ReadMem(24 bytes @ 0x20000124)
T3D74 1258:824.576   CPU_ReadMem(24 bytes @ 0x20000124)
T3D74 1258:834.816   CPU_ReadMem(24 bytes @ 0x20000124)
T3D74 1258:845.440   CPU_ReadMem(24 bytes @ 0x20000124)
T3D74 1258:856.320   CPU_ReadMem(24 bytes @ 0x20000124)
T3D74 1258:866.560   CPU_ReadMem(24 bytes @ 0x20000124)
T3D74 1258:876.672   CPU_ReadMem(24 bytes @ 0x20000124)
T3D74 1258:886.912   CPU_ReadMem(24 bytes @ 0x20000124)
T3D74 1258:897.024   CPU_ReadMem(24 bytes @ 0x20000124)
T3D74 1258:907.008   CPU_ReadMem(24 bytes @ 0x20000124)
T3D74 1258:917.120   CPU_ReadMem(24 bytes @ 0x20000124)
T3D74 1258:928.000   CPU_ReadMem(24 bytes @ 0x20000124)
T3D74 1258:938.624   CPU_ReadMem(24 bytes @ 0x20000124)
T3D74 1258:948.608   CPU_ReadMem(24 bytes @ 0x20000124)
T3D74 1258:959.616   CPU_ReadMem(24 bytes @ 0x20000124)
T3D74 1258:970.624   CPU_ReadMem(24 bytes @ 0x20000124)
T3D74 1258:981.632   CPU_ReadMem(24 bytes @ 0x20000124)
T3D74 1258:992.640   CPU_ReadMem(24 bytes @ 0x20000124)
T3D74 1259:002.624   CPU_ReadMem(24 bytes @ 0x20000124)
T3D74 1259:013.504   CPU_ReadMem(24 bytes @ 0x20000124)
T3D74 1259:024.640   CPU_ReadMem(24 bytes @ 0x20000124)
T3D74 1259:034.496   CPU_ReadMem(24 bytes @ 0x20000124)
T3D74 1259:045.504   CPU_ReadMem(24 bytes @ 0x20000124)
T3D74 1259:056.384   CPU_ReadMem(24 bytes @ 0x20000124)
T3D74 1259:066.624   CPU_ReadMem(24 bytes @ 0x20000124)
T3D74 1259:077.504   CPU_ReadMem(24 bytes @ 0x20000124)
T3D74 1259:087.616   CPU_ReadMem(24 bytes @ 0x20000124)
T3D74 1259:098.496   CPU_ReadMem(24 bytes @ 0x20000124)
T3D74 1259:108.608   CPU_ReadMem(24 bytes @ 0x20000124)
T3D74 1259:119.360   CPU_ReadMem(24 bytes @ 0x20000124)
T3D74 1259:129.344   CPU_ReadMem(24 bytes @ 0x20000124)
T3D74 1259:140.352   CPU_ReadMem(24 bytes @ 0x20000124)
T3D74 1259:150.976   CPU_ReadMem(24 bytes @ 0x20000124)
T3D74 1259:162.240   CPU_ReadMem(24 bytes @ 0x20000124)
T3D74 1259:173.120   CPU_ReadMem(24 bytes @ 0x20000124)
T3D74 1259:183.232   CPU_ReadMem(24 bytes @ 0x20000124)
T3D74 1259:193.472   CPU_ReadMem(24 bytes @ 0x20000124)
T3D74 1259:205.248   CPU_ReadMem(24 bytes @ 0x20000124)
T3D74 1259:216.000   CPU_ReadMem(24 bytes @ 0x20000124)
T3D74 1259:225.856   CPU_ReadMem(24 bytes @ 0x20000124)
T3D74 1259:235.968   CPU_ReadMem(24 bytes @ 0x20000124)
T3D74 1259:246.848   CPU_ReadMem(24 bytes @ 0x20000124)
T3D74 1259:257.984   CPU_ReadMem(24 bytes @ 0x20000124)
T3D74 1259:268.992   CPU_ReadMem(24 bytes @ 0x20000124)
T3D74 1259:280.256   CPU_ReadMem(24 bytes @ 0x20000124)
T3D74 1259:291.392   CPU_ReadMem(24 bytes @ 0x20000124)
T3D74 1259:302.144   CPU_ReadMem(24 bytes @ 0x20000124)
T3D74 1259:313.152   CPU_ReadMem(24 bytes @ 0x20000124)
T3D74 1259:323.136   CPU_ReadMem(24 bytes @ 0x20000124)
T3D74 1259:333.888   CPU_ReadMem(24 bytes @ 0x20000124)
T3D74 1259:345.152   CPU_ReadMem(24 bytes @ 0x20000124)
T3D74 1259:356.928   CPU_ReadMem(24 bytes @ 0x20000124)
T3D74 1259:368.704   CPU_ReadMem(24 bytes @ 0x20000124)
T3D74 1259:379.584   CPU_ReadMem(24 bytes @ 0x20000124)
T3D74 1259:389.696   CPU_ReadMem(24 bytes @ 0x20000124)
T3D74 1259:400.576   CPU_ReadMem(24 bytes @ 0x20000124)
T3D74 1259:410.560   CPU_ReadMem(24 bytes @ 0x20000124)
T3D74 1259:420.544   CPU_ReadMem(24 bytes @ 0x20000124)
T3D74 1259:431.680   CPU_ReadMem(24 bytes @ 0x20000124)
T3D74 1259:441.664   CPU_ReadMem(24 bytes @ 0x20000124)
T3D74 1259:452.672   CPU_ReadMem(24 bytes @ 0x20000124)
T3D74 1259:462.912   CPU_ReadMem(24 bytes @ 0x20000124)
T3D74 1259:473.664   CPU_ReadMem(24 bytes @ 0x20000124)
T3D74 1259:484.800   CPU_ReadMem(24 bytes @ 0x20000124)
T3D74 1259:495.040   CPU_ReadMem(24 bytes @ 0x20000124)
T3D74 1259:505.024   CPU_ReadMem(24 bytes @ 0x20000124)
T3D74 1259:515.904   CPU_ReadMem(24 bytes @ 0x20000124)
T3D74 1259:526.400   CPU_ReadMem(24 bytes @ 0x20000124)
T3D74 1259:537.024   CPU_ReadMem(24 bytes @ 0x20000124)
T3D74 1259:548.032   CPU_ReadMem(24 bytes @ 0x20000124)
T3D74 1259:559.040   CPU_ReadMem(24 bytes @ 0x20000124)
T3D74 1259:570.432   CPU_ReadMem(24 bytes @ 0x20000124)
T3D74 1259:582.080   CPU_ReadMem(24 bytes @ 0x20000124)
T3D74 1259:592.064   CPU_ReadMem(24 bytes @ 0x20000124)
T3D74 1259:602.816   CPU_ReadMem(24 bytes @ 0x20000124)
T3D74 1259:613.184   CPU_ReadMem(24 bytes @ 0x20000124)
T3D74 1259:623.168   CPU_ReadMem(24 bytes @ 0x20000124)
T3D74 1259:633.280   CPU_ReadMem(24 bytes @ 0x20000124)
T3D74 1259:643.264   CPU_ReadMem(24 bytes @ 0x20000124)
T3D74 1259:654.272   CPU_ReadMem(24 bytes @ 0x20000124)
T3D74 1259:664.256   CPU_ReadMem(24 bytes @ 0x20000124)
T3D74 1259:674.368   CPU_ReadMem(24 bytes @ 0x20000124)
T3D74 1259:684.480   CPU_ReadMem(24 bytes @ 0x20000124)
T3D74 1259:694.848   CPU_ReadMem(24 bytes @ 0x20000124)
T3D74 1259:706.368   CPU_ReadMem(24 bytes @ 0x20000124)
T3D74 1259:716.352   CPU_ReadMem(24 bytes @ 0x20000124)
T3D74 1259:726.464   CPU_ReadMem(24 bytes @ 0x20000124)
T3D74 1259:736.448   CPU_ReadMem(24 bytes @ 0x20000124)
T3D74 1259:746.688   CPU_ReadMem(24 bytes @ 0x20000124)
T3D74 1259:757.440   CPU_ReadMem(24 bytes @ 0x20000124)
T3D74 1259:767.552   CPU_ReadMem(24 bytes @ 0x20000124)
T3D74 1259:777.408   CPU_ReadMem(24 bytes @ 0x20000124)
T3D74 1259:787.520   CPU_ReadMem(24 bytes @ 0x20000124)
T3D74 1259:797.632   CPU_ReadMem(24 bytes @ 0x20000124)
T3D74 1259:808.512   CPU_ReadMem(24 bytes @ 0x20000124)
T3D74 1259:818.752   CPU_ReadMem(24 bytes @ 0x20000124)
T3D74 1259:828.736   CPU_ReadMem(24 bytes @ 0x20000124)
T3D74 1259:838.848   CPU_ReadMem(24 bytes @ 0x20000124)
T3D74 1259:849.216   CPU_ReadMem(24 bytes @ 0x20000124)
T3D74 1259:859.200   CPU_ReadMem(24 bytes @ 0x20000124)
T3D74 1259:869.568   CPU_ReadMem(24 bytes @ 0x20000124)
T3D74 1259:880.576   CPU_ReadMem(24 bytes @ 0x20000124)
T3D74 1259:891.456   CPU_ReadMem(24 bytes @ 0x20000124)
T3D74 1259:901.312   CPU_ReadMem(24 bytes @ 0x20000124)
T3D74 1259:912.192   CPU_ReadMem(24 bytes @ 0x20000124)
T3D74 1259:922.560   CPU_ReadMem(24 bytes @ 0x20000124)
T3D74 1259:933.440   CPU_ReadMem(24 bytes @ 0x20000124)
T3D74 1259:944.448   CPU_ReadMem(24 bytes @ 0x20000124)
T3D74 1259:954.560   CPU_ReadMem(24 bytes @ 0x20000124)
T3D74 1259:964.672   CPU_ReadMem(24 bytes @ 0x20000124)
T3D74 1259:975.424   CPU_ReadMem(24 bytes @ 0x20000124)
T3D74 1259:985.664   CPU_ReadMem(24 bytes @ 0x20000124)
T3D74 1259:996.032   CPU_ReadMem(24 bytes @ 0x20000124)
T3D74 1260:007.424   CPU_ReadMem(24 bytes @ 0x20000124)
T3D74 1260:018.048   CPU_ReadMem(24 bytes @ 0x20000124)
T3D74 1260:028.800   CPU_ReadMem(24 bytes @ 0x20000124)
T3D74 1260:039.040   CPU_ReadMem(24 bytes @ 0x20000124)
T3D74 1260:049.152   CPU_ReadMem(24 bytes @ 0x20000124)
T3D74 1260:059.264   CPU_ReadMem(24 bytes @ 0x20000124)
T3D74 1260:069.248   CPU_ReadMem(24 bytes @ 0x20000124)
T3D74 1260:079.360   CPU_ReadMem(24 bytes @ 0x20000124)
T3D74 1260:089.344   CPU_ReadMem(24 bytes @ 0x20000124)
T3D74 1260:099.456   CPU_ReadMem(24 bytes @ 0x20000124)
T3D74 1260:110.464   CPU_ReadMem(24 bytes @ 0x20000124)
T3D74 1260:121.344   CPU_ReadMem(24 bytes @ 0x20000124)
T3D74 1260:131.584   CPU_ReadMem(24 bytes @ 0x20000124)
T3D74 1260:141.952   CPU_ReadMem(24 bytes @ 0x20000124)
T3D74 1260:151.936   CPU_ReadMem(24 bytes @ 0x20000124)
T3D74 1260:162.816   CPU_ReadMem(24 bytes @ 0x20000124)
T3D74 1260:172.800   CPU_ReadMem(24 bytes @ 0x20000124)
T3D74 1260:183.552   CPU_ReadMem(24 bytes @ 0x20000124)
T3D74 1260:193.920   CPU_ReadMem(24 bytes @ 0x20000124)
T3D74 1260:203.904   CPU_ReadMem(24 bytes @ 0x20000124)
T3D74 1260:214.528   CPU_ReadMem(24 bytes @ 0x20000124)
T3D74 1260:224.640   CPU_ReadMem(24 bytes @ 0x20000124)
T3D74 1260:234.752   CPU_ReadMem(24 bytes @ 0x20000124)
T3D74 1260:246.656   CPU_ReadMem(24 bytes @ 0x20000124)
T3D74 1260:256.640   CPU_ReadMem(24 bytes @ 0x20000124)
T3D74 1260:267.648   CPU_ReadMem(24 bytes @ 0x20000124)
T3D74 1260:277.632   CPU_ReadMem(24 bytes @ 0x20000124)
T3D74 1260:287.744   CPU_ReadMem(24 bytes @ 0x20000124)
T3D74 1260:299.776   CPU_ReadMem(24 bytes @ 0x20000124)
T3D74 1260:309.760   CPU_ReadMem(24 bytes @ 0x20000124)
T3D74 1260:319.872   CPU_ReadMem(24 bytes @ 0x20000124)
T3D74 1260:330.240   CPU_ReadMem(24 bytes @ 0x20000124)
T3D74 1260:340.864   CPU_ReadMem(24 bytes @ 0x20000124)
T3D74 1260:352.000   CPU_ReadMem(24 bytes @ 0x20000124)
T3D74 1260:362.880   CPU_ReadMem(24 bytes @ 0x20000124)
T21C4 1260:365.824 JLINK_RTTERMINAL_Control(Cmd = JLINKARM_RTTERMINAL_CMD_STOP)
T21C4 1260:365.824 - 0.033ms returns 0x00
T21C4 1260:373.504 JLINK_Close()
T21C4 1260:385.664 - 12.160ms
T21C4 1260:385.792   
T21C4 1260:385.792   Closed
