Load "d:\\LKS\\project\\SpeedLoop_Senorless2810HFINS\\LKS32MC074DO_Motor_cz50\\Objects\\LKS32MC074DO_Motor.axf" 
* JLink Info: Device "CORTEX-M0" selected.
Set JLink Project File to "d:\LKS\project\SpeedLoop_Senorless2810HFINS\LKS32MC074DO_Motor_cz50\JLinkSettings.ini"* JLink Info: Device "CORTEX-M0" selected.

JLink info:
------------
DLL: V8.16 , compiled Feb 26 2025 12:07:26
Firmware: J-Link ARM-OB STM32 compiled Aug 22 2012 19:52:04
Hardware: V7.00
S/N : 20090928 
Feature(s) : JFlash, RDI, GDB, FlashDL, FlashBP 

* JLink Info: Found SW-DP with ID 0x0BB11477
* JLink Info: DPv0 detected
* JLink Info: CoreSight SoC-400 or earlier
* JLink Info: Scanning AP map to find all available APs
* JLink Info: AP[1]: Stopped AP scan as end of AP map has been reached
* JLink Info: AP[0]: AHB-AP (IDR: 0x04770021, ADDR: 0x00000000)
* JLink Info: Iterating through AP map to find AHB-AP to use
* JLink Info: AP[0]: Core found
* JLink Info: AP[0]: AHB-AP ROM base: 0xE00FF000
* JLink Info: CPUID register: 0x410CC200. Implementer code: 0x41 (ARM)
* JLink Info: Found Cortex-M0 r0p0, Little endian.
* JLink Info: FPUnit: 2 code (BP) slots and 0 literal slots
* JLink Info: CoreSight components:
* JLink Info: ROMTbl[0] @ E00FF000
* JLink Info: [0][0]: E000E000 CID B105E00D PID 000BB008 SCS
* JLink Info: [0][1]: E0001000 CID B105E00D PID 000BB00A DWT
* JLink Info: [0][2]: E0002000 CID B105E00D PID 000BB00B FPB
ROMTableAddr = 0xE00FF000
* JLink Info: Reset type: NORMAL (https://wiki.segger.com/J-Link_Reset_Strategies)
* JLink Info: Reset: Halt core after reset via DEMCR.VC_CORERESET.
* JLink Info: Reset: Reset device via AIRCR.SYSRESETREQ.

Target info:
------------
Device: LKS32MC074DOF8Q8
VTarget = 3.300V
State of Pins: TCK: 0, TDI: 0, TDO: 1, TMS: 0, TRES: 1, TRST: 0
Hardware-Breakpoints: 2
Software-Breakpoints: 8192
Watchpoints:          2
JTAG speed: 4000 kHz

* JLink Info: Memory map 'after startup completion point' is active
Full Chip Erase Done.Programming Done.Verify OK.* JLink Info: Memory map 'before startup completion point' is active
* JLink Info: Reset type: NORMAL (https://wiki.segger.com/J-Link_Reset_Strategies)
* JLink Info: Reset: Halt core after reset via DEMCR.VC_CORERESET.
* JLink Info: Reset: Reset device via AIRCR.SYSRESETREQ.
* JLink Info: Memory map 'after startup completion point' is active
Application running ...
Flash Load finished at 15:09:29
